21-Aug-2019 07:39:36.059 INFO [main] org.apache.catalina.startup.VersionLoggerListener.log Server version:        Apache Tomcat/8.5.43
21-Aug-2019 07:39:36.068 INFO [main] org.apache.catalina.startup.VersionLoggerListener.log Server built:          Jul 4 2019 20:53:15 UTC
21-Aug-2019 07:39:36.068 INFO [main] org.apache.catalina.startup.VersionLoggerListener.log Server number:         8.5.43.0
21-Aug-2019 07:39:36.069 INFO [main] org.apache.catalina.startup.VersionLoggerListener.log OS Name:               Linux
21-Aug-2019 07:39:36.069 INFO [main] org.apache.catalina.startup.VersionLoggerListener.log OS Version:            4.14.123-86.109.amzn1.x86_64
21-Aug-2019 07:39:36.069 INFO [main] org.apache.catalina.startup.VersionLoggerListener.log Architecture:          amd64
21-Aug-2019 07:39:36.069 INFO [main] org.apache.catalina.startup.VersionLoggerListener.log Java Home:             /usr/lib/jvm/java-1.8.0-openjdk-1.8.0.212.b04-0.45.amzn1.x86_64/jre
21-Aug-2019 07:39:36.069 INFO [main] org.apache.catalina.startup.VersionLoggerListener.log JVM Version:           1.8.0_212-b04
21-Aug-2019 07:39:36.069 INFO [main] org.apache.catalina.startup.VersionLoggerListener.log JVM Vendor:            Oracle Corporation
21-Aug-2019 07:39:36.069 INFO [main] org.apache.catalina.startup.VersionLoggerListener.log CATALINA_BASE:         /home/ec2-user/rohit/apache-tomcat-8.5.43
21-Aug-2019 07:39:36.069 INFO [main] org.apache.catalina.startup.VersionLoggerListener.log CATALINA_HOME:         /home/ec2-user/rohit/apache-tomcat-8.5.43
21-Aug-2019 07:39:36.069 INFO [main] org.apache.catalina.startup.VersionLoggerListener.log Command line argument: -Djava.util.logging.config.file=/home/ec2-user/rohit/apache-tomcat-8.5.43/conf/logging.properties
21-Aug-2019 07:39:36.071 INFO [main] org.apache.catalina.startup.VersionLoggerListener.log Command line argument: -Djava.util.logging.manager=org.apache.juli.ClassLoaderLogManager
21-Aug-2019 07:39:36.071 INFO [main] org.apache.catalina.startup.VersionLoggerListener.log Command line argument: -Djdk.tls.ephemeralDHKeySize=2048
21-Aug-2019 07:39:36.071 INFO [main] org.apache.catalina.startup.VersionLoggerListener.log Command line argument: -Djava.protocol.handler.pkgs=org.apache.catalina.webresources
21-Aug-2019 07:39:36.071 INFO [main] org.apache.catalina.startup.VersionLoggerListener.log Command line argument: -Dorg.apache.catalina.security.SecurityListener.UMASK=0027
21-Aug-2019 07:39:36.072 INFO [main] org.apache.catalina.startup.VersionLoggerListener.log Command line argument: -Dignore.endorsed.dirs=
21-Aug-2019 07:39:36.072 INFO [main] org.apache.catalina.startup.VersionLoggerListener.log Command line argument: -Dcatalina.base=/home/ec2-user/rohit/apache-tomcat-8.5.43
21-Aug-2019 07:39:36.072 INFO [main] org.apache.catalina.startup.VersionLoggerListener.log Command line argument: -Dcatalina.home=/home/ec2-user/rohit/apache-tomcat-8.5.43
21-Aug-2019 07:39:36.072 INFO [main] org.apache.catalina.startup.VersionLoggerListener.log Command line argument: -Djava.io.tmpdir=/home/ec2-user/rohit/apache-tomcat-8.5.43/temp
21-Aug-2019 07:39:36.073 INFO [main] org.apache.catalina.core.AprLifecycleListener.lifecycleEvent The APR based Apache Tomcat Native library which allows optimal performance in production environments was not found on the java.library.path: [/usr/java/packages/lib/amd64:/usr/lib64:/lib64:/lib:/usr/lib]
21-Aug-2019 07:39:36.279 INFO [main] org.apache.coyote.AbstractProtocol.init Initializing ProtocolHandler ["http-nio-8082"]
21-Aug-2019 07:39:36.297 INFO [main] org.apache.tomcat.util.net.NioSelectorPool.getSharedSelector Using a shared selector for servlet write/read
21-Aug-2019 07:39:36.331 INFO [main] org.apache.coyote.AbstractProtocol.init Initializing ProtocolHandler ["ajp-nio-8009"]
21-Aug-2019 07:39:36.333 INFO [main] org.apache.tomcat.util.net.NioSelectorPool.getSharedSelector Using a shared selector for servlet write/read
21-Aug-2019 07:39:36.339 INFO [main] org.apache.catalina.startup.Catalina.load Initialization processed in 1099 ms
21-Aug-2019 07:39:36.400 INFO [main] org.apache.catalina.core.StandardService.startInternal Starting service [Catalina]
21-Aug-2019 07:39:36.400 INFO [main] org.apache.catalina.core.StandardEngine.startInternal Starting Servlet Engine: Apache Tomcat/8.5.43
21-Aug-2019 07:39:36.427 INFO [localhost-startStop-1] org.apache.catalina.startup.HostConfig.deployDirectory Deploying web application directory [/home/ec2-user/rohit/apache-tomcat-8.5.43/webapps/docs]
21-Aug-2019 07:39:36.950 INFO [localhost-startStop-1] org.apache.catalina.startup.HostConfig.deployDirectory Deployment of web application directory [/home/ec2-user/rohit/apache-tomcat-8.5.43/webapps/docs] has finished in [522] ms
21-Aug-2019 07:39:36.955 INFO [localhost-startStop-1] org.apache.catalina.startup.HostConfig.deployDirectory Deploying web application directory [/home/ec2-user/rohit/apache-tomcat-8.5.43/webapps/manager]
21-Aug-2019 07:39:37.026 INFO [localhost-startStop-1] org.apache.catalina.startup.HostConfig.deployDirectory Deployment of web application directory [/home/ec2-user/rohit/apache-tomcat-8.5.43/webapps/manager] has finished in [71] ms
21-Aug-2019 07:39:37.031 INFO [localhost-startStop-1] org.apache.catalina.startup.HostConfig.deployDirectory Deploying web application directory [/home/ec2-user/rohit/apache-tomcat-8.5.43/webapps/examples]
21-Aug-2019 07:39:37.510 INFO [localhost-startStop-1] org.apache.catalina.startup.HostConfig.deployDirectory Deployment of web application directory [/home/ec2-user/rohit/apache-tomcat-8.5.43/webapps/examples] has finished in [479] ms
21-Aug-2019 07:39:37.515 INFO [localhost-startStop-1] org.apache.catalina.startup.HostConfig.deployDirectory Deploying web application directory [/home/ec2-user/rohit/apache-tomcat-8.5.43/webapps/ROOT]
21-Aug-2019 07:39:37.548 INFO [localhost-startStop-1] org.apache.catalina.startup.HostConfig.deployDirectory Deployment of web application directory [/home/ec2-user/rohit/apache-tomcat-8.5.43/webapps/ROOT] has finished in [33] ms
21-Aug-2019 07:39:37.551 INFO [localhost-startStop-1] org.apache.catalina.startup.HostConfig.deployDirectory Deploying web application directory [/home/ec2-user/rohit/apache-tomcat-8.5.43/webapps/host-manager]
21-Aug-2019 07:39:37.583 INFO [localhost-startStop-1] org.apache.catalina.startup.HostConfig.deployDirectory Deployment of web application directory [/home/ec2-user/rohit/apache-tomcat-8.5.43/webapps/host-manager] has finished in [32] ms
21-Aug-2019 07:39:37.589 INFO [main] org.apache.coyote.AbstractProtocol.start Starting ProtocolHandler ["http-nio-8082"]
21-Aug-2019 07:39:37.618 INFO [main] org.apache.coyote.AbstractProtocol.start Starting ProtocolHandler ["ajp-nio-8009"]
21-Aug-2019 07:39:37.635 INFO [main] org.apache.catalina.startup.Catalina.start Server startup in 1295 ms
21-Aug-2019 12:35:34.423 INFO [Thread-5] org.apache.coyote.AbstractProtocol.pause Pausing ProtocolHandler ["http-nio-8082"]
21-Aug-2019 12:35:34.424 INFO [Thread-5] org.apache.coyote.AbstractProtocol.pause Pausing ProtocolHandler ["ajp-nio-8009"]
21-Aug-2019 12:35:34.425 INFO [Thread-5] org.apache.catalina.core.StandardService.stopInternal Stopping service [Catalina]
21-Aug-2019 12:35:34.474 INFO [Thread-5] org.apache.coyote.AbstractProtocol.stop Stopping ProtocolHandler ["http-nio-8082"]
21-Aug-2019 12:35:34.475 INFO [Thread-5] org.apache.coyote.AbstractProtocol.stop Stopping ProtocolHandler ["ajp-nio-8009"]
21-Aug-2019 12:35:34.477 INFO [Thread-5] org.apache.coyote.AbstractProtocol.destroy Destroying ProtocolHandler ["http-nio-8082"]
21-Aug-2019 12:35:34.478 INFO [Thread-5] org.apache.coyote.AbstractProtocol.destroy Destroying ProtocolHandler ["ajp-nio-8009"]
