20-Aug-2019 14:01:35.405 INFO [main] org.apache.catalina.startup.VersionLoggerListener.log Server version:        Apache Tomcat/8.5.43
20-Aug-2019 14:01:35.415 INFO [main] org.apache.catalina.startup.VersionLoggerListener.log Server built:          Jul 4 2019 20:53:15 UTC
20-Aug-2019 14:01:35.416 INFO [main] org.apache.catalina.startup.VersionLoggerListener.log Server number:         8.5.43.0
20-Aug-2019 14:01:35.416 INFO [main] org.apache.catalina.startup.VersionLoggerListener.log OS Name:               Linux
20-Aug-2019 14:01:35.416 INFO [main] org.apache.catalina.startup.VersionLoggerListener.log OS Version:            4.14.123-86.109.amzn1.x86_64
20-Aug-2019 14:01:35.416 INFO [main] org.apache.catalina.startup.VersionLoggerListener.log Architecture:          amd64
20-Aug-2019 14:01:35.416 INFO [main] org.apache.catalina.startup.VersionLoggerListener.log Java Home:             /usr/lib/jvm/java-1.8.0-openjdk-1.8.0.212.b04-0.45.amzn1.x86_64/jre
20-Aug-2019 14:01:35.416 INFO [main] org.apache.catalina.startup.VersionLoggerListener.log JVM Version:           1.8.0_212-b04
20-Aug-2019 14:01:35.416 INFO [main] org.apache.catalina.startup.VersionLoggerListener.log JVM Vendor:            Oracle Corporation
20-Aug-2019 14:01:35.416 INFO [main] org.apache.catalina.startup.VersionLoggerListener.log CATALINA_BASE:         /home/ec2-user/rohit/apache-tomcat-8.5.43
20-Aug-2019 14:01:35.416 INFO [main] org.apache.catalina.startup.VersionLoggerListener.log CATALINA_HOME:         /home/ec2-user/rohit/apache-tomcat-8.5.43
20-Aug-2019 14:01:35.417 INFO [main] org.apache.catalina.startup.VersionLoggerListener.log Command line argument: -Djava.util.logging.config.file=/home/ec2-user/rohit/apache-tomcat-8.5.43/conf/logging.properties
20-Aug-2019 14:01:35.417 INFO [main] org.apache.catalina.startup.VersionLoggerListener.log Command line argument: -Djava.util.logging.manager=org.apache.juli.ClassLoaderLogManager
20-Aug-2019 14:01:35.417 INFO [main] org.apache.catalina.startup.VersionLoggerListener.log Command line argument: -Djdk.tls.ephemeralDHKeySize=2048
20-Aug-2019 14:01:35.417 INFO [main] org.apache.catalina.startup.VersionLoggerListener.log Command line argument: -Djava.protocol.handler.pkgs=org.apache.catalina.webresources
20-Aug-2019 14:01:35.417 INFO [main] org.apache.catalina.startup.VersionLoggerListener.log Command line argument: -Dorg.apache.catalina.security.SecurityListener.UMASK=0027
20-Aug-2019 14:01:35.417 INFO [main] org.apache.catalina.startup.VersionLoggerListener.log Command line argument: -Dignore.endorsed.dirs=
20-Aug-2019 14:01:35.417 INFO [main] org.apache.catalina.startup.VersionLoggerListener.log Command line argument: -Dcatalina.base=/home/ec2-user/rohit/apache-tomcat-8.5.43
20-Aug-2019 14:01:35.417 INFO [main] org.apache.catalina.startup.VersionLoggerListener.log Command line argument: -Dcatalina.home=/home/ec2-user/rohit/apache-tomcat-8.5.43
20-Aug-2019 14:01:35.417 INFO [main] org.apache.catalina.startup.VersionLoggerListener.log Command line argument: -Djava.io.tmpdir=/home/ec2-user/rohit/apache-tomcat-8.5.43/temp
20-Aug-2019 14:01:35.417 INFO [main] org.apache.catalina.core.AprLifecycleListener.lifecycleEvent The APR based Apache Tomcat Native library which allows optimal performance in production environments was not found on the java.library.path: [/usr/java/packages/lib/amd64:/usr/lib64:/lib64:/lib:/usr/lib]
20-Aug-2019 14:01:35.613 INFO [main] org.apache.coyote.AbstractProtocol.init Initializing ProtocolHandler ["http-nio-8082"]
20-Aug-2019 14:01:35.639 INFO [main] org.apache.tomcat.util.net.NioSelectorPool.getSharedSelector Using a shared selector for servlet write/read
20-Aug-2019 14:01:35.671 INFO [main] org.apache.coyote.AbstractProtocol.init Initializing ProtocolHandler ["ajp-nio-8009"]
20-Aug-2019 14:01:35.673 INFO [main] org.apache.tomcat.util.net.NioSelectorPool.getSharedSelector Using a shared selector for servlet write/read
20-Aug-2019 14:01:35.680 INFO [main] org.apache.catalina.startup.Catalina.load Initialization processed in 1062 ms
20-Aug-2019 14:01:35.730 INFO [main] org.apache.catalina.core.StandardService.startInternal Starting service [Catalina]
20-Aug-2019 14:01:35.732 INFO [main] org.apache.catalina.core.StandardEngine.startInternal Starting Servlet Engine: Apache Tomcat/8.5.43
20-Aug-2019 14:01:35.756 INFO [localhost-startStop-1] org.apache.catalina.startup.HostConfig.deployDirectory Deploying web application directory [/home/ec2-user/rohit/apache-tomcat-8.5.43/webapps/docs]
20-Aug-2019 14:01:36.250 INFO [localhost-startStop-1] org.apache.catalina.startup.HostConfig.deployDirectory Deployment of web application directory [/home/ec2-user/rohit/apache-tomcat-8.5.43/webapps/docs] has finished in [493] ms
20-Aug-2019 14:01:36.256 INFO [localhost-startStop-1] org.apache.catalina.startup.HostConfig.deployDirectory Deploying web application directory [/home/ec2-user/rohit/apache-tomcat-8.5.43/webapps/manager]
20-Aug-2019 14:01:36.321 INFO [localhost-startStop-1] org.apache.catalina.startup.HostConfig.deployDirectory Deployment of web application directory [/home/ec2-user/rohit/apache-tomcat-8.5.43/webapps/manager] has finished in [65] ms
20-Aug-2019 14:01:36.325 INFO [localhost-startStop-1] org.apache.catalina.startup.HostConfig.deployDirectory Deploying web application directory [/home/ec2-user/rohit/apache-tomcat-8.5.43/webapps/examples]
20-Aug-2019 14:01:36.777 INFO [localhost-startStop-1] org.apache.catalina.startup.HostConfig.deployDirectory Deployment of web application directory [/home/ec2-user/rohit/apache-tomcat-8.5.43/webapps/examples] has finished in [451] ms
20-Aug-2019 14:01:36.777 INFO [localhost-startStop-1] org.apache.catalina.startup.HostConfig.deployDirectory Deploying web application directory [/home/ec2-user/rohit/apache-tomcat-8.5.43/webapps/ROOT]
20-Aug-2019 14:01:36.811 INFO [localhost-startStop-1] org.apache.catalina.startup.HostConfig.deployDirectory Deployment of web application directory [/home/ec2-user/rohit/apache-tomcat-8.5.43/webapps/ROOT] has finished in [33] ms
20-Aug-2019 14:01:36.811 INFO [localhost-startStop-1] org.apache.catalina.startup.HostConfig.deployDirectory Deploying web application directory [/home/ec2-user/rohit/apache-tomcat-8.5.43/webapps/host-manager]
20-Aug-2019 14:01:36.844 INFO [localhost-startStop-1] org.apache.catalina.startup.HostConfig.deployDirectory Deployment of web application directory [/home/ec2-user/rohit/apache-tomcat-8.5.43/webapps/host-manager] has finished in [33] ms
20-Aug-2019 14:01:36.847 INFO [main] org.apache.coyote.AbstractProtocol.start Starting ProtocolHandler ["http-nio-8082"]
20-Aug-2019 14:01:36.867 INFO [main] org.apache.coyote.AbstractProtocol.start Starting ProtocolHandler ["ajp-nio-8009"]
20-Aug-2019 14:01:36.869 INFO [main] org.apache.catalina.startup.Catalina.start Server startup in 1189 ms
20-Aug-2019 14:02:21.206 INFO [Thread-5] org.apache.coyote.AbstractProtocol.pause Pausing ProtocolHandler ["http-nio-8082"]
20-Aug-2019 14:02:21.208 INFO [Thread-5] org.apache.coyote.AbstractProtocol.pause Pausing ProtocolHandler ["ajp-nio-8009"]
20-Aug-2019 14:02:21.208 INFO [Thread-5] org.apache.catalina.core.StandardService.stopInternal Stopping service [Catalina]
20-Aug-2019 14:02:21.253 INFO [Thread-5] org.apache.coyote.AbstractProtocol.stop Stopping ProtocolHandler ["http-nio-8082"]
20-Aug-2019 14:02:21.255 INFO [Thread-5] org.apache.coyote.AbstractProtocol.stop Stopping ProtocolHandler ["ajp-nio-8009"]
20-Aug-2019 14:02:21.256 INFO [Thread-5] org.apache.coyote.AbstractProtocol.destroy Destroying ProtocolHandler ["http-nio-8082"]
20-Aug-2019 14:02:21.260 INFO [Thread-5] org.apache.coyote.AbstractProtocol.destroy Destroying ProtocolHandler ["ajp-nio-8009"]
